[debug] [2025-10-16T09:10:58.792Z] ----------------------------------------------------------------------
[debug] [2025-10-16T09:10:58.793Z] Command:       C:\Program Files\nodejs\node.exe C:\Users\mycyb\AppData\Roaming\npm\node_modules\firebase-tools\lib\bin\firebase.js emulators:start --import=./firebase-data --export-on-exit
[debug] [2025-10-16T09:10:58.793Z] CLI Version:   14.20.0
[debug] [2025-10-16T09:10:58.793Z] Platform:      win32
[debug] [2025-10-16T09:10:58.794Z] Node Version:  v22.20.0
[debug] [2025-10-16T09:10:58.794Z] Time:          Thu Oct 16 2025 10:10:58 GMT+0100 (West Africa Standard Time)
[debug] [2025-10-16T09:10:58.794Z] ----------------------------------------------------------------------
[debug] 
[debug] [2025-10-16T09:10:58.907Z] Object "/emulators" in "firebase.json" has unknown property: {"additionalProperty":"emulatorsPersistence"}
[debug] [2025-10-16T09:10:58.910Z] > command requires scopes: ["email","openid","https://www.googleapis.com/auth/cloudplatformprojects.readonly","https://www.googleapis.com/auth/firebase","https://www.googleapis.com/auth/cloud-platform"]
[debug] [2025-10-16T09:10:58.910Z] > authorizing via signed-in user (joseph@mycyberclinics.com)
[debug] [2025-10-16T09:10:58.963Z] java version "25" 2025-09-16 LTS
Java(TM) SE Runtime Environment (build 25+37-LTS-3491)

[debug] [2025-10-16T09:10:58.963Z] Java HotSpot(TM) 64-Bit Server VM (build 25+37-LTS-3491, mixed mode, sharing)

[debug] [2025-10-16T09:10:58.970Z] Parsed Java major version: 25
[info] i  emulators: Starting emulators: auth, functions, firestore, storage, extensions {"metadata":{"emulator":{"name":"hub"},"message":"Starting emulators: auth, functions, firestore, storage, extensions"}}
[debug] [2025-10-16T09:10:58.972Z] Checked if tokens are valid: false, expires at: 1760463309819
[debug] [2025-10-16T09:10:58.972Z] Checked if tokens are valid: false, expires at: 1760463309819
[debug] [2025-10-16T09:10:58.972Z] > refreshing access token with scopes: []
[debug] [2025-10-16T09:10:58.973Z] >>> [apiv2][query] POST https://www.googleapis.com/oauth2/v3/token [none]
[debug] [2025-10-16T09:10:58.973Z] >>> [apiv2][body] POST https://www.googleapis.com/oauth2/v3/token [omitted]
